(node:99175) DeprecationWarning: collection.count is deprecated, and will be removed in a future version. Use Collection.countDocuments or Collection.estimatedDocumentCount instead
(node:99303) DeprecationWarning: current URL string parser is deprecated, and will be removed in a future version. To use the new parser, pass option { useNewUrlParser: true } to MongoClient.connect.
(node:99303) DeprecationWarning: current Server Discovery and Monitoring engine is deprecated, and will be removed in a future version. To use the new Server Discover and Monitoring engine, pass option { useUnifiedTopology: true } to the MongoClient constructor.
ReferenceError: userController is not defined
    at Object.<anonymous> (/Users/edz/Desktop/resource/zhblog/controllers/category.js:23:18)
    at Module._compile (internal/modules/cjs/loader.js:774:30)
    at Object.Module._extensions..js (internal/modules/cjs/loader.js:785:10)
    at Module.load (internal/modules/cjs/loader.js:641:32)
    at Function.Module._load (internal/modules/cjs/loader.js:556:12)
    at Module.require (internal/modules/cjs/loader.js:681:19)
    at Module.Hook._require.Module.require (/Users/edz/.nvm/versions/node/v12.4.0/lib/node_modules/pm2/node_modules/require-in-the-middle/index.js:70:37)
    at require (internal/modules/cjs/helpers.js:16:16)
    at Object.<anonymous> (/Users/edz/Desktop/resource/zhblog/controllers/index.js:16:28)
    at Module._compile (internal/modules/cjs/loader.js:774:30)
    at Object.Module._extensions..js (internal/modules/cjs/loader.js:785:10)
    at Module.load (internal/modules/cjs/loader.js:641:32)
    at Function.Module._load (internal/modules/cjs/loader.js:556:12)
    at Module.require (internal/modules/cjs/loader.js:681:19)
    at Module.Hook._require.Module.require (/Users/edz/.nvm/versions/node/v12.4.0/lib/node_modules/pm2/node_modules/require-in-the-middle/index.js:70:37)
    at require (internal/modules/cjs/helpers.js:16:16)
ReferenceError: userController is not defined
    at Object.<anonymous> (/Users/edz/Desktop/resource/zhblog/controllers/category.js:23:18)
    at Module._compile (internal/modules/cjs/loader.js:774:30)
    at Object.Module._extensions..js (internal/modules/cjs/loader.js:785:10)
    at Module.load (internal/modules/cjs/loader.js:641:32)
    at Function.Module._load (internal/modules/cjs/loader.js:556:12)
    at Module.require (internal/modules/cjs/loader.js:681:19)
    at Module.Hook._require.Module.require (/Users/edz/.nvm/versions/node/v12.4.0/lib/node_modules/pm2/node_modules/require-in-the-middle/index.js:70:37)
    at require (internal/modules/cjs/helpers.js:16:16)
    at Object.<anonymous> (/Users/edz/Desktop/resource/zhblog/controllers/index.js:16:28)
    at Module._compile (internal/modules/cjs/loader.js:774:30)
    at Object.Module._extensions..js (internal/modules/cjs/loader.js:785:10)
    at Module.load (internal/modules/cjs/loader.js:641:32)
    at Function.Module._load (internal/modules/cjs/loader.js:556:12)
    at Module.require (internal/modules/cjs/loader.js:681:19)
    at Module.Hook._require.Module.require (/Users/edz/.nvm/versions/node/v12.4.0/lib/node_modules/pm2/node_modules/require-in-the-middle/index.js:70:37)
    at require (internal/modules/cjs/helpers.js:16:16)
ReferenceError: userController is not defined
    at Object.<anonymous> (/Users/edz/Desktop/resource/zhblog/controllers/category.js:23:18)
    at Module._compile (internal/modules/cjs/loader.js:774:30)
    at Object.Module._extensions..js (internal/modules/cjs/loader.js:785:10)
    at Module.load (internal/modules/cjs/loader.js:641:32)
    at Function.Module._load (internal/modules/cjs/loader.js:556:12)
    at Module.require (internal/modules/cjs/loader.js:681:19)
    at Module.Hook._require.Module.require (/Users/edz/.nvm/versions/node/v12.4.0/lib/node_modules/pm2/node_modules/require-in-the-middle/index.js:70:37)
    at require (internal/modules/cjs/helpers.js:16:16)
    at Object.<anonymous> (/Users/edz/Desktop/resource/zhblog/controllers/index.js:16:28)
    at Module._compile (internal/modules/cjs/loader.js:774:30)
    at Object.Module._extensions..js (internal/modules/cjs/loader.js:785:10)
    at Module.load (internal/modules/cjs/loader.js:641:32)
    at Function.Module._load (internal/modules/cjs/loader.js:556:12)
    at Module.require (internal/modules/cjs/loader.js:681:19)
    at Module.Hook._require.Module.require (/Users/edz/.nvm/versions/node/v12.4.0/lib/node_modules/pm2/node_modules/require-in-the-middle/index.js:70:37)
    at require (internal/modules/cjs/helpers.js:16:16)
ReferenceError: userController is not defined
    at Object.<anonymous> (/Users/edz/Desktop/resource/zhblog/controllers/category.js:23:18)
    at Module._compile (internal/modules/cjs/loader.js:774:30)
    at Object.Module._extensions..js (internal/modules/cjs/loader.js:785:10)
    at Module.load (internal/modules/cjs/loader.js:641:32)
    at Function.Module._load (internal/modules/cjs/loader.js:556:12)
    at Module.require (internal/modules/cjs/loader.js:681:19)
    at Module.Hook._require.Module.require (/Users/edz/.nvm/versions/node/v12.4.0/lib/node_modules/pm2/node_modules/require-in-the-middle/index.js:70:37)
    at require (internal/modules/cjs/helpers.js:16:16)
    at Object.<anonymous> (/Users/edz/Desktop/resource/zhblog/controllers/index.js:16:28)
    at Module._compile (internal/modules/cjs/loader.js:774:30)
    at Object.Module._extensions..js (internal/modules/cjs/loader.js:785:10)
    at Module.load (internal/modules/cjs/loader.js:641:32)
    at Function.Module._load (internal/modules/cjs/loader.js:556:12)
    at Module.require (internal/modules/cjs/loader.js:681:19)
    at Module.Hook._require.Module.require (/Users/edz/.nvm/versions/node/v12.4.0/lib/node_modules/pm2/node_modules/require-in-the-middle/index.js:70:37)
    at require (internal/modules/cjs/helpers.js:16:16)
ReferenceError: userController is not defined
    at Object.<anonymous> (/Users/edz/Desktop/resource/zhblog/controllers/category.js:23:18)
    at Module._compile (internal/modules/cjs/loader.js:774:30)
    at Object.Module._extensions..js (internal/modules/cjs/loader.js:785:10)
    at Module.load (internal/modules/cjs/loader.js:641:32)
    at Function.Module._load (internal/modules/cjs/loader.js:556:12)
    at Module.require (internal/modules/cjs/loader.js:681:19)
    at Module.Hook._require.Module.require (/Users/edz/.nvm/versions/node/v12.4.0/lib/node_modules/pm2/node_modules/require-in-the-middle/index.js:70:37)
    at require (internal/modules/cjs/helpers.js:16:16)
    at Object.<anonymous> (/Users/edz/Desktop/resource/zhblog/controllers/index.js:16:28)
    at Module._compile (internal/modules/cjs/loader.js:774:30)
    at Object.Module._extensions..js (internal/modules/cjs/loader.js:785:10)
    at Module.load (internal/modules/cjs/loader.js:641:32)
    at Function.Module._load (internal/modules/cjs/loader.js:556:12)
    at Module.require (internal/modules/cjs/loader.js:681:19)
    at Module.Hook._require.Module.require (/Users/edz/.nvm/versions/node/v12.4.0/lib/node_modules/pm2/node_modules/require-in-the-middle/index.js:70:37)
    at require (internal/modules/cjs/helpers.js:16:16)
ReferenceError: userController is not defined
    at Object.<anonymous> (/Users/edz/Desktop/resource/zhblog/controllers/category.js:23:18)
    at Module._compile (internal/modules/cjs/loader.js:774:30)
    at Object.Module._extensions..js (internal/modules/cjs/loader.js:785:10)
    at Module.load (internal/modules/cjs/loader.js:641:32)
    at Function.Module._load (internal/modules/cjs/loader.js:556:12)
    at Module.require (internal/modules/cjs/loader.js:681:19)
    at Module.Hook._require.Module.require (/Users/edz/.nvm/versions/node/v12.4.0/lib/node_modules/pm2/node_modules/require-in-the-middle/index.js:70:37)
    at require (internal/modules/cjs/helpers.js:16:16)
    at Object.<anonymous> (/Users/edz/Desktop/resource/zhblog/controllers/index.js:16:28)
    at Module._compile (internal/modules/cjs/loader.js:774:30)
    at Object.Module._extensions..js (internal/modules/cjs/loader.js:785:10)
    at Module.load (internal/modules/cjs/loader.js:641:32)
    at Function.Module._load (internal/modules/cjs/loader.js:556:12)
    at Module.require (internal/modules/cjs/loader.js:681:19)
    at Module.Hook._require.Module.require (/Users/edz/.nvm/versions/node/v12.4.0/lib/node_modules/pm2/node_modules/require-in-the-middle/index.js:70:37)
    at require (internal/modules/cjs/helpers.js:16:16)
ReferenceError: userController is not defined
    at Object.<anonymous> (/Users/edz/Desktop/resource/zhblog/routes/private/index.js:16:22)
    at Module._compile (internal/modules/cjs/loader.js:774:30)
    at Object.Module._extensions..js (internal/modules/cjs/loader.js:785:10)
    at Module.load (internal/modules/cjs/loader.js:641:32)
    at Function.Module._load (internal/modules/cjs/loader.js:556:12)
    at Module.require (internal/modules/cjs/loader.js:681:19)
    at Module.Hook._require.Module.require (/Users/edz/.nvm/versions/node/v12.4.0/lib/node_modules/pm2/node_modules/require-in-the-middle/index.js:70:37)
    at require (internal/modules/cjs/helpers.js:16:16)
    at Object.<anonymous> (/Users/edz/Desktop/resource/zhblog/app.js:22:23)
    at Module._compile (internal/modules/cjs/loader.js:774:30)
    at Object.Module._extensions..js (internal/modules/cjs/loader.js:785:10)
    at Module.load (internal/modules/cjs/loader.js:641:32)
    at Function.Module._load (internal/modules/cjs/loader.js:556:12)
    at Module.require (internal/modules/cjs/loader.js:681:19)
    at Module.Hook._require.Module.require (/Users/edz/.nvm/versions/node/v12.4.0/lib/node_modules/pm2/node_modules/require-in-the-middle/index.js:70:37)
    at require (internal/modules/cjs/helpers.js:16:16)
ReferenceError: userController is not defined
    at Object.<anonymous> (/Users/edz/Desktop/resource/zhblog/routes/private/index.js:16:22)
    at Module._compile (internal/modules/cjs/loader.js:774:30)
    at Object.Module._extensions..js (internal/modules/cjs/loader.js:785:10)
    at Module.load (internal/modules/cjs/loader.js:641:32)
    at Function.Module._load (internal/modules/cjs/loader.js:556:12)
    at Module.require (internal/modules/cjs/loader.js:681:19)
    at Module.Hook._require.Module.require (/Users/edz/.nvm/versions/node/v12.4.0/lib/node_modules/pm2/node_modules/require-in-the-middle/index.js:70:37)
    at require (internal/modules/cjs/helpers.js:16:16)
    at Object.<anonymous> (/Users/edz/Desktop/resource/zhblog/app.js:22:23)
    at Module._compile (internal/modules/cjs/loader.js:774:30)
    at Object.Module._extensions..js (internal/modules/cjs/loader.js:785:10)
    at Module.load (internal/modules/cjs/loader.js:641:32)
    at Function.Module._load (internal/modules/cjs/loader.js:556:12)
    at Module.require (internal/modules/cjs/loader.js:681:19)
    at Module.Hook._require.Module.require (/Users/edz/.nvm/versions/node/v12.4.0/lib/node_modules/pm2/node_modules/require-in-the-middle/index.js:70:37)
    at require (internal/modules/cjs/helpers.js:16:16)
ReferenceError: userController is not defined
    at Object.<anonymous> (/Users/edz/Desktop/resource/zhblog/routes/private/index.js:16:22)
    at Module._compile (internal/modules/cjs/loader.js:774:30)
    at Object.Module._extensions..js (internal/modules/cjs/loader.js:785:10)
    at Module.load (internal/modules/cjs/loader.js:641:32)
    at Function.Module._load (internal/modules/cjs/loader.js:556:12)
    at Module.require (internal/modules/cjs/loader.js:681:19)
    at Module.Hook._require.Module.require (/Users/edz/.nvm/versions/node/v12.4.0/lib/node_modules/pm2/node_modules/require-in-the-middle/index.js:70:37)
    at require (internal/modules/cjs/helpers.js:16:16)
    at Object.<anonymous> (/Users/edz/Desktop/resource/zhblog/app.js:22:23)
    at Module._compile (internal/modules/cjs/loader.js:774:30)
    at Object.Module._extensions..js (internal/modules/cjs/loader.js:785:10)
    at Module.load (internal/modules/cjs/loader.js:641:32)
    at Function.Module._load (internal/modules/cjs/loader.js:556:12)
    at Module.require (internal/modules/cjs/loader.js:681:19)
    at Module.Hook._require.Module.require (/Users/edz/.nvm/versions/node/v12.4.0/lib/node_modules/pm2/node_modules/require-in-the-middle/index.js:70:37)
    at require (internal/modules/cjs/helpers.js:16:16)
Error: get `/users`: `middleware` must be a function, not `undefined`
    at Layer.<anonymous> (/Users/edz/Desktop/resource/zhblog/node_modules/koa-router/lib/layer.js:39:13)
    at Array.forEach (<anonymous>)
    at new Layer (/Users/edz/Desktop/resource/zhblog/node_modules/koa-router/lib/layer.js:36:14)
    at Router.register (/Users/edz/Desktop/resource/zhblog/node_modules/koa-router/lib/router.js:560:15)
    at Router.<computed> [as get] (/Users/edz/Desktop/resource/zhblog/node_modules/koa-router/lib/router.js:202:10)
    at Object.<anonymous> (/Users/edz/Desktop/resource/zhblog/routes/private/index.js:16:8)
    at Module._compile (internal/modules/cjs/loader.js:774:30)
    at Object.Module._extensions..js (internal/modules/cjs/loader.js:785:10)
    at Module.load (internal/modules/cjs/loader.js:641:32)
    at Function.Module._load (internal/modules/cjs/loader.js:556:12)
    at Module.require (internal/modules/cjs/loader.js:681:19)
    at Module.Hook._require.Module.require (/Users/edz/.nvm/versions/node/v12.4.0/lib/node_modules/pm2/node_modules/require-in-the-middle/index.js:70:37)
    at require (internal/modules/cjs/helpers.js:16:16)
    at Object.<anonymous> (/Users/edz/Desktop/resource/zhblog/app.js:22:23)
    at Module._compile (internal/modules/cjs/loader.js:774:30)
    at Object.Module._extensions..js (internal/modules/cjs/loader.js:785:10)
Error: get `/users`: `middleware` must be a function, not `undefined`
    at Layer.<anonymous> (/Users/edz/Desktop/resource/zhblog/node_modules/koa-router/lib/layer.js:39:13)
    at Array.forEach (<anonymous>)
    at new Layer (/Users/edz/Desktop/resource/zhblog/node_modules/koa-router/lib/layer.js:36:14)
    at Router.register (/Users/edz/Desktop/resource/zhblog/node_modules/koa-router/lib/router.js:560:15)
    at Router.<computed> [as get] (/Users/edz/Desktop/resource/zhblog/node_modules/koa-router/lib/router.js:202:10)
    at Object.<anonymous> (/Users/edz/Desktop/resource/zhblog/routes/private/index.js:16:8)
    at Module._compile (internal/modules/cjs/loader.js:774:30)
    at Object.Module._extensions..js (internal/modules/cjs/loader.js:785:10)
    at Module.load (internal/modules/cjs/loader.js:641:32)
    at Function.Module._load (internal/modules/cjs/loader.js:556:12)
    at Module.require (internal/modules/cjs/loader.js:681:19)
    at Module.Hook._require.Module.require (/Users/edz/.nvm/versions/node/v12.4.0/lib/node_modules/pm2/node_modules/require-in-the-middle/index.js:70:37)
    at require (internal/modules/cjs/helpers.js:16:16)
    at Object.<anonymous> (/Users/edz/Desktop/resource/zhblog/app.js:22:23)
    at Module._compile (internal/modules/cjs/loader.js:774:30)
    at Object.Module._extensions..js (internal/modules/cjs/loader.js:785:10)
Error: get `/users`: `middleware` must be a function, not `undefined`
    at Layer.<anonymous> (/Users/edz/Desktop/resource/zhblog/node_modules/koa-router/lib/layer.js:39:13)
    at Array.forEach (<anonymous>)
    at new Layer (/Users/edz/Desktop/resource/zhblog/node_modules/koa-router/lib/layer.js:36:14)
    at Router.register (/Users/edz/Desktop/resource/zhblog/node_modules/koa-router/lib/router.js:560:15)
    at Router.<computed> [as get] (/Users/edz/Desktop/resource/zhblog/node_modules/koa-router/lib/router.js:202:10)
    at Object.<anonymous> (/Users/edz/Desktop/resource/zhblog/routes/private/index.js:16:8)
    at Module._compile (internal/modules/cjs/loader.js:774:30)
    at Object.Module._extensions..js (internal/modules/cjs/loader.js:785:10)
    at Module.load (internal/modules/cjs/loader.js:641:32)
    at Function.Module._load (internal/modules/cjs/loader.js:556:12)
    at Module.require (internal/modules/cjs/loader.js:681:19)
    at Module.Hook._require.Module.require (/Users/edz/.nvm/versions/node/v12.4.0/lib/node_modules/pm2/node_modules/require-in-the-middle/index.js:70:37)
    at require (internal/modules/cjs/helpers.js:16:16)
    at Object.<anonymous> (/Users/edz/Desktop/resource/zhblog/app.js:22:23)
    at Module._compile (internal/modules/cjs/loader.js:774:30)
    at Object.Module._extensions..js (internal/modules/cjs/loader.js:785:10)
Error: get `/users`: `middleware` must be a function, not `undefined`
    at Layer.<anonymous> (/Users/edz/Desktop/resource/zhblog/node_modules/koa-router/lib/layer.js:39:13)
    at Array.forEach (<anonymous>)
    at new Layer (/Users/edz/Desktop/resource/zhblog/node_modules/koa-router/lib/layer.js:36:14)
    at Router.register (/Users/edz/Desktop/resource/zhblog/node_modules/koa-router/lib/router.js:560:15)
    at Router.<computed> [as get] (/Users/edz/Desktop/resource/zhblog/node_modules/koa-router/lib/router.js:202:10)
    at Object.<anonymous> (/Users/edz/Desktop/resource/zhblog/routes/private/index.js:16:8)
    at Module._compile (internal/modules/cjs/loader.js:774:30)
    at Object.Module._extensions..js (internal/modules/cjs/loader.js:785:10)
    at Module.load (internal/modules/cjs/loader.js:641:32)
    at Function.Module._load (internal/modules/cjs/loader.js:556:12)
    at Module.require (internal/modules/cjs/loader.js:681:19)
    at Module.Hook._require.Module.require (/Users/edz/.nvm/versions/node/v12.4.0/lib/node_modules/pm2/node_modules/require-in-the-middle/index.js:70:37)
    at require (internal/modules/cjs/helpers.js:16:16)
    at Object.<anonymous> (/Users/edz/Desktop/resource/zhblog/app.js:22:23)
    at Module._compile (internal/modules/cjs/loader.js:774:30)
    at Object.Module._extensions..js (internal/modules/cjs/loader.js:785:10)
Error: get `/users`: `middleware` must be a function, not `undefined`
    at Layer.<anonymous> (/Users/edz/Desktop/resource/zhblog/node_modules/koa-router/lib/layer.js:39:13)
    at Array.forEach (<anonymous>)
    at new Layer (/Users/edz/Desktop/resource/zhblog/node_modules/koa-router/lib/layer.js:36:14)
    at Router.register (/Users/edz/Desktop/resource/zhblog/node_modules/koa-router/lib/router.js:560:15)
    at Router.<computed> [as get] (/Users/edz/Desktop/resource/zhblog/node_modules/koa-router/lib/router.js:202:10)
    at Object.<anonymous> (/Users/edz/Desktop/resource/zhblog/routes/private/index.js:16:8)
    at Module._compile (internal/modules/cjs/loader.js:774:30)
    at Object.Module._extensions..js (internal/modules/cjs/loader.js:785:10)
    at Module.load (internal/modules/cjs/loader.js:641:32)
    at Function.Module._load (internal/modules/cjs/loader.js:556:12)
    at Module.require (internal/modules/cjs/loader.js:681:19)
    at Module.Hook._require.Module.require (/Users/edz/.nvm/versions/node/v12.4.0/lib/node_modules/pm2/node_modules/require-in-the-middle/index.js:70:37)
    at require (internal/modules/cjs/helpers.js:16:16)
    at Object.<anonymous> (/Users/edz/Desktop/resource/zhblog/app.js:22:23)
    at Module._compile (internal/modules/cjs/loader.js:774:30)
    at Object.Module._extensions..js (internal/modules/cjs/loader.js:785:10)
Error: get `/users`: `middleware` must be a function, not `undefined`
    at Layer.<anonymous> (/Users/edz/Desktop/resource/zhblog/node_modules/koa-router/lib/layer.js:39:13)
    at Array.forEach (<anonymous>)
    at new Layer (/Users/edz/Desktop/resource/zhblog/node_modules/koa-router/lib/layer.js:36:14)
    at Router.register (/Users/edz/Desktop/resource/zhblog/node_modules/koa-router/lib/router.js:560:15)
    at Router.<computed> [as get] (/Users/edz/Desktop/resource/zhblog/node_modules/koa-router/lib/router.js:202:10)
    at Object.<anonymous> (/Users/edz/Desktop/resource/zhblog/routes/private/index.js:16:8)
    at Module._compile (internal/modules/cjs/loader.js:774:30)
    at Object.Module._extensions..js (internal/modules/cjs/loader.js:785:10)
    at Module.load (internal/modules/cjs/loader.js:641:32)
    at Function.Module._load (internal/modules/cjs/loader.js:556:12)
    at Module.require (internal/modules/cjs/loader.js:681:19)
    at Module.Hook._require.Module.require (/Users/edz/.nvm/versions/node/v12.4.0/lib/node_modules/pm2/node_modules/require-in-the-middle/index.js:70:37)
    at require (internal/modules/cjs/helpers.js:16:16)
    at Object.<anonymous> (/Users/edz/Desktop/resource/zhblog/app.js:22:23)
    at Module._compile (internal/modules/cjs/loader.js:774:30)
    at Object.Module._extensions..js (internal/modules/cjs/loader.js:785:10)
Error: get `/users`: `middleware` must be a function, not `undefined`
    at Layer.<anonymous> (/Users/edz/Desktop/resource/zhblog/node_modules/koa-router/lib/layer.js:39:13)
    at Array.forEach (<anonymous>)
    at new Layer (/Users/edz/Desktop/resource/zhblog/node_modules/koa-router/lib/layer.js:36:14)
    at Router.register (/Users/edz/Desktop/resource/zhblog/node_modules/koa-router/lib/router.js:560:15)
    at Router.<computed> [as get] (/Users/edz/Desktop/resource/zhblog/node_modules/koa-router/lib/router.js:202:10)
    at Object.<anonymous> (/Users/edz/Desktop/resource/zhblog/routes/private/index.js:16:8)
    at Module._compile (internal/modules/cjs/loader.js:774:30)
    at Object.Module._extensions..js (internal/modules/cjs/loader.js:785:10)
    at Module.load (internal/modules/cjs/loader.js:641:32)
    at Function.Module._load (internal/modules/cjs/loader.js:556:12)
    at Module.require (internal/modules/cjs/loader.js:681:19)
    at Module.Hook._require.Module.require (/Users/edz/.nvm/versions/node/v12.4.0/lib/node_modules/pm2/node_modules/require-in-the-middle/index.js:70:37)
    at require (internal/modules/cjs/helpers.js:16:16)
    at Object.<anonymous> (/Users/edz/Desktop/resource/zhblog/app.js:22:23)
    at Module._compile (internal/modules/cjs/loader.js:774:30)
    at Object.Module._extensions..js (internal/modules/cjs/loader.js:785:10)
Error: get `/users`: `middleware` must be a function, not `undefined`
    at Layer.<anonymous> (/Users/edz/Desktop/resource/zhblog/node_modules/koa-router/lib/layer.js:39:13)
    at Array.forEach (<anonymous>)
    at new Layer (/Users/edz/Desktop/resource/zhblog/node_modules/koa-router/lib/layer.js:36:14)
    at Router.register (/Users/edz/Desktop/resource/zhblog/node_modules/koa-router/lib/router.js:560:15)
    at Router.<computed> [as get] (/Users/edz/Desktop/resource/zhblog/node_modules/koa-router/lib/router.js:202:10)
    at Object.<anonymous> (/Users/edz/Desktop/resource/zhblog/routes/private/index.js:16:8)
    at Module._compile (internal/modules/cjs/loader.js:774:30)
    at Object.Module._extensions..js (internal/modules/cjs/loader.js:785:10)
    at Module.load (internal/modules/cjs/loader.js:641:32)
    at Function.Module._load (internal/modules/cjs/loader.js:556:12)
    at Module.require (internal/modules/cjs/loader.js:681:19)
    at Module.Hook._require.Module.require (/Users/edz/.nvm/versions/node/v12.4.0/lib/node_modules/pm2/node_modules/require-in-the-middle/index.js:70:37)
    at require (internal/modules/cjs/helpers.js:16:16)
    at Object.<anonymous> (/Users/edz/Desktop/resource/zhblog/app.js:22:23)
    at Module._compile (internal/modules/cjs/loader.js:774:30)
    at Object.Module._extensions..js (internal/modules/cjs/loader.js:785:10)
/Users/edz/Desktop/resource/zhblog/models/index.js:48
    db.models[modelFile.name] = mongo.model(modelFile.name, schema， modelFile.name);
                                                            ^^^^^^

SyntaxError: missing ) after argument list
    at Module._compile (internal/modules/cjs/loader.js:718:23)
    at Object.Module._extensions..js (internal/modules/cjs/loader.js:785:10)
    at Module.load (internal/modules/cjs/loader.js:641:32)
    at Function.Module._load (internal/modules/cjs/loader.js:556:12)
    at Module.require (internal/modules/cjs/loader.js:681:19)
    at Module.Hook._require.Module.require (/Users/edz/.nvm/versions/node/v12.4.0/lib/node_modules/pm2/node_modules/require-in-the-middle/index.js:70:37)
    at require (internal/modules/cjs/helpers.js:16:16)
    at Object.<anonymous> (/Users/edz/Desktop/resource/zhblog/services/category.js:11:23)
    at Module._compile (internal/modules/cjs/loader.js:774:30)
    at Object.Module._extensions..js (internal/modules/cjs/loader.js:785:10)
/Users/edz/Desktop/resource/zhblog/models/index.js:48
    db.models[modelFile.name] = mongo.model(modelFile.name, schema， modelFile.name);
                                                            ^^^^^^

SyntaxError: missing ) after argument list
    at Module._compile (internal/modules/cjs/loader.js:718:23)
    at Object.Module._extensions..js (internal/modules/cjs/loader.js:785:10)
    at Module.load (internal/modules/cjs/loader.js:641:32)
    at Function.Module._load (internal/modules/cjs/loader.js:556:12)
    at Module.require (internal/modules/cjs/loader.js:681:19)
    at Module.Hook._require.Module.require (/Users/edz/.nvm/versions/node/v12.4.0/lib/node_modules/pm2/node_modules/require-in-the-middle/index.js:70:37)
    at require (internal/modules/cjs/helpers.js:16:16)
    at Object.<anonymous> (/Users/edz/Desktop/resource/zhblog/services/category.js:11:23)
    at Module._compile (internal/modules/cjs/loader.js:774:30)
    at Object.Module._extensions..js (internal/modules/cjs/loader.js:785:10)
/Users/edz/Desktop/resource/zhblog/models/index.js:48
    db.models[modelFile.name] = mongo.model(modelFile.name, schema， modelFile.name);
                                                            ^^^^^^

SyntaxError: missing ) after argument list
    at Module._compile (internal/modules/cjs/loader.js:718:23)
    at Object.Module._extensions..js (internal/modules/cjs/loader.js:785:10)
    at Module.load (internal/modules/cjs/loader.js:641:32)
    at Function.Module._load (internal/modules/cjs/loader.js:556:12)
    at Module.require (internal/modules/cjs/loader.js:681:19)
    at Module.Hook._require.Module.require (/Users/edz/.nvm/versions/node/v12.4.0/lib/node_modules/pm2/node_modules/require-in-the-middle/index.js:70:37)
    at require (internal/modules/cjs/helpers.js:16:16)
    at Object.<anonymous> (/Users/edz/Desktop/resource/zhblog/services/category.js:11:23)
    at Module._compile (internal/modules/cjs/loader.js:774:30)
    at Object.Module._extensions..js (internal/modules/cjs/loader.js:785:10)
/Users/edz/Desktop/resource/zhblog/models/index.js:48
    db.models[modelFile.name] = mongo.model(modelFile.name, schema， modelFile.name);
                                                            ^^^^^^

SyntaxError: missing ) after argument list
    at Module._compile (internal/modules/cjs/loader.js:718:23)
    at Object.Module._extensions..js (internal/modules/cjs/loader.js:785:10)
    at Module.load (internal/modules/cjs/loader.js:641:32)
    at Function.Module._load (internal/modules/cjs/loader.js:556:12)
    at Module.require (internal/modules/cjs/loader.js:681:19)
    at Module.Hook._require.Module.require (/Users/edz/.nvm/versions/node/v12.4.0/lib/node_modules/pm2/node_modules/require-in-the-middle/index.js:70:37)
    at require (internal/modules/cjs/helpers.js:16:16)
    at Object.<anonymous> (/Users/edz/Desktop/resource/zhblog/services/category.js:11:23)
    at Module._compile (internal/modules/cjs/loader.js:774:30)
    at Object.Module._extensions..js (internal/modules/cjs/loader.js:785:10)
/Users/edz/Desktop/resource/zhblog/models/index.js:48
    db.models[modelFile.name] = mongo.model(modelFile.name, schema， modelFile.name);
                                                            ^^^^^^

SyntaxError: missing ) after argument list
    at Module._compile (internal/modules/cjs/loader.js:718:23)
    at Object.Module._extensions..js (internal/modules/cjs/loader.js:785:10)
    at Module.load (internal/modules/cjs/loader.js:641:32)
    at Function.Module._load (internal/modules/cjs/loader.js:556:12)
    at Module.require (internal/modules/cjs/loader.js:681:19)
    at Module.Hook._require.Module.require (/Users/edz/.nvm/versions/node/v12.4.0/lib/node_modules/pm2/node_modules/require-in-the-middle/index.js:70:37)
    at require (internal/modules/cjs/helpers.js:16:16)
    at Object.<anonymous> (/Users/edz/Desktop/resource/zhblog/services/category.js:11:23)
    at Module._compile (internal/modules/cjs/loader.js:774:30)
    at Object.Module._extensions..js (internal/modules/cjs/loader.js:785:10)
/Users/edz/Desktop/resource/zhblog/models/index.js:48
    db.models[modelFile.name] = mongo.model(modelFile.name, schema， modelFile.name);
                                                            ^^^^^^

SyntaxError: missing ) after argument list
    at Module._compile (internal/modules/cjs/loader.js:718:23)
    at Object.Module._extensions..js (internal/modules/cjs/loader.js:785:10)
    at Module.load (internal/modules/cjs/loader.js:641:32)
    at Function.Module._load (internal/modules/cjs/loader.js:556:12)
    at Module.require (internal/modules/cjs/loader.js:681:19)
    at Module.Hook._require.Module.require (/Users/edz/.nvm/versions/node/v12.4.0/lib/node_modules/pm2/node_modules/require-in-the-middle/index.js:70:37)
    at require (internal/modules/cjs/helpers.js:16:16)
    at Object.<anonymous> (/Users/edz/Desktop/resource/zhblog/services/category.js:11:23)
    at Module._compile (internal/modules/cjs/loader.js:774:30)
    at Object.Module._extensions..js (internal/modules/cjs/loader.js:785:10)
/Users/edz/Desktop/resource/zhblog/models/index.js:48
    db.models[modelFile.name] = mongo.model(modelFile.name, schema， modelFile.name);
                                                            ^^^^^^

SyntaxError: missing ) after argument list
    at Module._compile (internal/modules/cjs/loader.js:718:23)
    at Object.Module._extensions..js (internal/modules/cjs/loader.js:785:10)
    at Module.load (internal/modules/cjs/loader.js:641:32)
    at Function.Module._load (internal/modules/cjs/loader.js:556:12)
    at Module.require (internal/modules/cjs/loader.js:681:19)
    at Module.Hook._require.Module.require (/Users/edz/.nvm/versions/node/v12.4.0/lib/node_modules/pm2/node_modules/require-in-the-middle/index.js:70:37)
    at require (internal/modules/cjs/helpers.js:16:16)
    at Object.<anonymous> (/Users/edz/Desktop/resource/zhblog/services/category.js:11:23)
    at Module._compile (internal/modules/cjs/loader.js:774:30)
    at Object.Module._extensions..js (internal/modules/cjs/loader.js:785:10)
/Users/edz/Desktop/resource/zhblog/models/index.js:48
    db.models[modelFile.name] = mongo.model(modelFile.name, schema， modelFile.name);
                                                            ^^^^^^

SyntaxError: missing ) after argument list
    at Module._compile (internal/modules/cjs/loader.js:718:23)
    at Object.Module._extensions..js (internal/modules/cjs/loader.js:785:10)
    at Module.load (internal/modules/cjs/loader.js:641:32)
    at Function.Module._load (internal/modules/cjs/loader.js:556:12)
    at Module.require (internal/modules/cjs/loader.js:681:19)
    at Module.Hook._require.Module.require (/Users/edz/.nvm/versions/node/v12.4.0/lib/node_modules/pm2/node_modules/require-in-the-middle/index.js:70:37)
    at require (internal/modules/cjs/helpers.js:16:16)
    at Object.<anonymous> (/Users/edz/Desktop/resource/zhblog/services/category.js:11:23)
    at Module._compile (internal/modules/cjs/loader.js:774:30)
    at Object.Module._extensions..js (internal/modules/cjs/loader.js:785:10)
/Users/edz/Desktop/resource/zhblog/models/index.js:48
    db.models[modelFile.name] = mongo.model(modelFile.name, schema， modelFile.name);
                                                            ^^^^^^

SyntaxError: missing ) after argument list
    at Module._compile (internal/modules/cjs/loader.js:718:23)
    at Object.Module._extensions..js (internal/modules/cjs/loader.js:785:10)
    at Module.load (internal/modules/cjs/loader.js:641:32)
    at Function.Module._load (internal/modules/cjs/loader.js:556:12)
    at Module.require (internal/modules/cjs/loader.js:681:19)
    at Module.Hook._require.Module.require (/Users/edz/.nvm/versions/node/v12.4.0/lib/node_modules/pm2/node_modules/require-in-the-middle/index.js:70:37)
    at require (internal/modules/cjs/helpers.js:16:16)
    at Object.<anonymous> (/Users/edz/Desktop/resource/zhblog/services/category.js:11:23)
    at Module._compile (internal/modules/cjs/loader.js:774:30)
    at Object.Module._extensions..js (internal/modules/cjs/loader.js:785:10)
/Users/edz/Desktop/resource/zhblog/models/index.js:48
    db.models[modelFile.name] = mongo.model(modelFile.name, schema， modelFile.name);
                                                            ^^^^^^

SyntaxError: missing ) after argument list
    at Module._compile (internal/modules/cjs/loader.js:718:23)
    at Object.Module._extensions..js (internal/modules/cjs/loader.js:785:10)
    at Module.load (internal/modules/cjs/loader.js:641:32)
    at Function.Module._load (internal/modules/cjs/loader.js:556:12)
    at Module.require (internal/modules/cjs/loader.js:681:19)
    at Module.Hook._require.Module.require (/Users/edz/.nvm/versions/node/v12.4.0/lib/node_modules/pm2/node_modules/require-in-the-middle/index.js:70:37)
    at require (internal/modules/cjs/helpers.js:16:16)
    at Object.<anonymous> (/Users/edz/Desktop/resource/zhblog/services/category.js:11:23)
    at Module._compile (internal/modules/cjs/loader.js:774:30)
    at Object.Module._extensions..js (internal/modules/cjs/loader.js:785:10)
/Users/edz/Desktop/resource/zhblog/models/index.js:48
    db.models[modelFile.name] = mongo.model(modelFile.name, schema， modelFile.name);
                                                            ^^^^^^

SyntaxError: missing ) after argument list
    at Module._compile (internal/modules/cjs/loader.js:718:23)
    at Object.Module._extensions..js (internal/modules/cjs/loader.js:785:10)
    at Module.load (internal/modules/cjs/loader.js:641:32)
    at Function.Module._load (internal/modules/cjs/loader.js:556:12)
    at Module.require (internal/modules/cjs/loader.js:681:19)
    at Module.Hook._require.Module.require (/Users/edz/.nvm/versions/node/v12.4.0/lib/node_modules/pm2/node_modules/require-in-the-middle/index.js:70:37)
    at require (internal/modules/cjs/helpers.js:16:16)
    at Object.<anonymous> (/Users/edz/Desktop/resource/zhblog/services/category.js:11:23)
    at Module._compile (internal/modules/cjs/loader.js:774:30)
    at Object.Module._extensions..js (internal/modules/cjs/loader.js:785:10)
/Users/edz/Desktop/resource/zhblog/models/index.js:48
    db.models[modelFile.name] = mongo.model(modelFile.name, schema， modelFile.name);
                                                            ^^^^^^

SyntaxError: missing ) after argument list
    at Module._compile (internal/modules/cjs/loader.js:718:23)
    at Object.Module._extensions..js (internal/modules/cjs/loader.js:785:10)
    at Module.load (internal/modules/cjs/loader.js:641:32)
    at Function.Module._load (internal/modules/cjs/loader.js:556:12)
    at Module.require (internal/modules/cjs/loader.js:681:19)
    at Module.Hook._require.Module.require (/Users/edz/.nvm/versions/node/v12.4.0/lib/node_modules/pm2/node_modules/require-in-the-middle/index.js:70:37)
    at require (internal/modules/cjs/helpers.js:16:16)
    at Object.<anonymous> (/Users/edz/Desktop/resource/zhblog/services/category.js:11:23)
    at Module._compile (internal/modules/cjs/loader.js:774:30)
    at Object.Module._extensions..js (internal/modules/cjs/loader.js:785:10)
/Users/edz/Desktop/resource/zhblog/models/index.js:48
    db.models[modelFile.name] = mongo.model(modelFile.name, schema， modelFile.name);
                                                            ^^^^^^

SyntaxError: missing ) after argument list
    at Module._compile (internal/modules/cjs/loader.js:718:23)
    at Object.Module._extensions..js (internal/modules/cjs/loader.js:785:10)
    at Module.load (internal/modules/cjs/loader.js:641:32)
    at Function.Module._load (internal/modules/cjs/loader.js:556:12)
    at Module.require (internal/modules/cjs/loader.js:681:19)
    at Module.Hook._require.Module.require (/Users/edz/.nvm/versions/node/v12.4.0/lib/node_modules/pm2/node_modules/require-in-the-middle/index.js:70:37)
    at require (internal/modules/cjs/helpers.js:16:16)
    at Object.<anonymous> (/Users/edz/Desktop/resource/zhblog/services/category.js:11:23)
    at Module._compile (internal/modules/cjs/loader.js:774:30)
    at Object.Module._extensions..js (internal/modules/cjs/loader.js:785:10)
/Users/edz/Desktop/resource/zhblog/models/index.js:48
    db.models[modelFile.name] = mongo.model(modelFile.name, schema， modelFile.name);
                                                            ^^^^^^

SyntaxError: missing ) after argument list
    at Module._compile (internal/modules/cjs/loader.js:718:23)
    at Object.Module._extensions..js (internal/modules/cjs/loader.js:785:10)
    at Module.load (internal/modules/cjs/loader.js:641:32)
    at Function.Module._load (internal/modules/cjs/loader.js:556:12)
    at Module.require (internal/modules/cjs/loader.js:681:19)
    at Module.Hook._require.Module.require (/Users/edz/.nvm/versions/node/v12.4.0/lib/node_modules/pm2/node_modules/require-in-the-middle/index.js:70:37)
    at require (internal/modules/cjs/helpers.js:16:16)
    at Object.<anonymous> (/Users/edz/Desktop/resource/zhblog/services/category.js:11:23)
    at Module._compile (internal/modules/cjs/loader.js:774:30)
    at Object.Module._extensions..js (internal/modules/cjs/loader.js:785:10)
/Users/edz/Desktop/resource/zhblog/models/index.js:48
    db.models[modelFile.name] = mongo.model(modelFile.name, schema， modelFile.name);
                                                            ^^^^^^

SyntaxError: missing ) after argument list
    at Module._compile (internal/modules/cjs/loader.js:718:23)
    at Object.Module._extensions..js (internal/modules/cjs/loader.js:785:10)
    at Module.load (internal/modules/cjs/loader.js:641:32)
    at Function.Module._load (internal/modules/cjs/loader.js:556:12)
    at Module.require (internal/modules/cjs/loader.js:681:19)
    at Module.Hook._require.Module.require (/Users/edz/.nvm/versions/node/v12.4.0/lib/node_modules/pm2/node_modules/require-in-the-middle/index.js:70:37)
    at require (internal/modules/cjs/helpers.js:16:16)
    at Object.<anonymous> (/Users/edz/Desktop/resource/zhblog/services/category.js:11:23)
    at Module._compile (internal/modules/cjs/loader.js:774:30)
    at Object.Module._extensions..js (internal/modules/cjs/loader.js:785:10)
/Users/edz/Desktop/resource/zhblog/models/index.js:48
    db.models[modelFile.name] = mongo.model(modelFile.name, schema， modelFile.name);
                                                            ^^^^^^

SyntaxError: missing ) after argument list
    at Module._compile (internal/modules/cjs/loader.js:718:23)
    at Object.Module._extensions..js (internal/modules/cjs/loader.js:785:10)
    at Module.load (internal/modules/cjs/loader.js:641:32)
    at Function.Module._load (internal/modules/cjs/loader.js:556:12)
    at Module.require (internal/modules/cjs/loader.js:681:19)
    at Module.Hook._require.Module.require (/Users/edz/.nvm/versions/node/v12.4.0/lib/node_modules/pm2/node_modules/require-in-the-middle/index.js:70:37)
    at require (internal/modules/cjs/helpers.js:16:16)
    at Object.<anonymous> (/Users/edz/Desktop/resource/zhblog/services/category.js:11:23)
    at Module._compile (internal/modules/cjs/loader.js:774:30)
    at Object.Module._extensions..js (internal/modules/cjs/loader.js:785:10)
/Users/edz/Desktop/resource/zhblog/models/index.js:48
    db.models[modelFile.name] = mongo.model(modelFile.name, schema， modelFile.name);
                                                            ^^^^^^

SyntaxError: missing ) after argument list
    at Module._compile (internal/modules/cjs/loader.js:718:23)
    at Object.Module._extensions..js (internal/modules/cjs/loader.js:785:10)
    at Module.load (internal/modules/cjs/loader.js:641:32)
    at Function.Module._load (internal/modules/cjs/loader.js:556:12)
    at Module.require (internal/modules/cjs/loader.js:681:19)
    at Module.Hook._require.Module.require (/Users/edz/.nvm/versions/node/v12.4.0/lib/node_modules/pm2/node_modules/require-in-the-middle/index.js:70:37)
    at require (internal/modules/cjs/helpers.js:16:16)
    at Object.<anonymous> (/Users/edz/Desktop/resource/zhblog/services/category.js:11:23)
    at Module._compile (internal/modules/cjs/loader.js:774:30)
    at Object.Module._extensions..js (internal/modules/cjs/loader.js:785:10)
/Users/edz/Desktop/resource/zhblog/models/index.js:48
    db.models[modelFile.name] = mongo.model(modelFile.name, schema， modelFile.name);
                                                            ^^^^^^

SyntaxError: missing ) after argument list
    at Module._compile (internal/modules/cjs/loader.js:718:23)
    at Object.Module._extensions..js (internal/modules/cjs/loader.js:785:10)
    at Module.load (internal/modules/cjs/loader.js:641:32)
    at Function.Module._load (internal/modules/cjs/loader.js:556:12)
    at Module.require (internal/modules/cjs/loader.js:681:19)
    at Module.Hook._require.Module.require (/Users/edz/.nvm/versions/node/v12.4.0/lib/node_modules/pm2/node_modules/require-in-the-middle/index.js:70:37)
    at require (internal/modules/cjs/helpers.js:16:16)
    at Object.<anonymous> (/Users/edz/Desktop/resource/zhblog/services/category.js:11:23)
    at Module._compile (internal/modules/cjs/loader.js:774:30)
    at Object.Module._extensions..js (internal/modules/cjs/loader.js:785:10)
/Users/edz/Desktop/resource/zhblog/models/index.js:48
    db.models[modelFile.name] = mongo.model(modelFile.name, schema， modelFile.name);
                                                            ^^^^^^

SyntaxError: missing ) after argument list
    at Module._compile (internal/modules/cjs/loader.js:718:23)
    at Object.Module._extensions..js (internal/modules/cjs/loader.js:785:10)
    at Module.load (internal/modules/cjs/loader.js:641:32)
    at Function.Module._load (internal/modules/cjs/loader.js:556:12)
    at Module.require (internal/modules/cjs/loader.js:681:19)
    at Module.Hook._require.Module.require (/Users/edz/.nvm/versions/node/v12.4.0/lib/node_modules/pm2/node_modules/require-in-the-middle/index.js:70:37)
    at require (internal/modules/cjs/helpers.js:16:16)
    at Object.<anonymous> (/Users/edz/Desktop/resource/zhblog/services/category.js:11:23)
    at Module._compile (internal/modules/cjs/loader.js:774:30)
    at Object.Module._extensions..js (internal/modules/cjs/loader.js:785:10)
/Users/edz/Desktop/resource/zhblog/models/index.js:48
    db.models[modelFile.name] = mongo.model(modelFile.name, schema， modelFile.name);
                                                            ^^^^^^

SyntaxError: missing ) after argument list
    at Module._compile (internal/modules/cjs/loader.js:718:23)
    at Object.Module._extensions..js (internal/modules/cjs/loader.js:785:10)
    at Module.load (internal/modules/cjs/loader.js:641:32)
    at Function.Module._load (internal/modules/cjs/loader.js:556:12)
    at Module.require (internal/modules/cjs/loader.js:681:19)
    at Module.Hook._require.Module.require (/Users/edz/.nvm/versions/node/v12.4.0/lib/node_modules/pm2/node_modules/require-in-the-middle/index.js:70:37)
    at require (internal/modules/cjs/helpers.js:16:16)
    at Object.<anonymous> (/Users/edz/Desktop/resource/zhblog/services/category.js:11:23)
    at Module._compile (internal/modules/cjs/loader.js:774:30)
    at Object.Module._extensions..js (internal/modules/cjs/loader.js:785:10)
